<?xml version="1.0" encoding="UTF-8"?>
<!-- Generated by org.testng.reporters.JUnitReportReporter -->
<testsuite skipped="0" hostname="DESKTOP-BH1F0C3" name="extentReportPackage.extentReportclass" tests="1" failures="0" timestamp="12 May 2022 10:39:58 GMT" time="12.378" errors="0">
  <testcase name="test" time="12.378" classname="extentReportPackage.extentReportclass"/>
</testsuite> <!-- extentReportPackage.extentReportclass -->
